<?xml version="1.0" encoding="UTF-8"?>
<coverage generated="1627739935022" clover="3.2.0">
  <project timestamp="1627739935022" name="All files">
    <metrics statements="24" coveredstatements="24" conditionals="8" coveredconditionals="8" methods="9" coveredmethods="9" elements="41" coveredelements="41" complexity="0" loc="24" ncloc="24" packages="1" files="3" classes="3"/>
    <file name="airport.js" path="/Users/arifebrahim/Projects/airport_jest/src/airport.js">
      <metrics statements="14" coveredstatements="14" conditionals="8" coveredconditionals="8" methods="4" coveredmethods="4"/>
      <line num="1" count="3" type="stmt"/>
      <line num="5" count="15" type="stmt"/>
      <line num="6" count="15" type="stmt"/>
      <line num="7" count="15" type="stmt"/>
      <line num="10" count="15" type="stmt"/>
      <line num="13" count="111" type="cond" truecount="2" falsecount="0"/>
      <line num="14" count="2" type="stmt"/>
      <line num="15" count="109" type="cond" truecount="2" falsecount="0"/>
      <line num="16" count="4" type="stmt"/>
      <line num="18" count="105" type="stmt"/>
      <line num="22" count="4" type="cond" truecount="2" falsecount="0"/>
      <line num="23" count="2" type="stmt"/>
      <line num="25" count="2" type="stmt"/>
      <line num="29" count="3" type="stmt"/>
    </file>
    <file name="plane.js" path="/Users/arifebrahim/Projects/airport_jest/src/plane.js">
      <metrics statements="7" coveredstatements="7" conditionals="0" coveredconditionals="0" methods="3" coveredmethods="3"/>
      <line num="3" count="8" type="stmt"/>
      <line num="6" count="8" type="stmt"/>
      <line num="7" count="58" type="stmt"/>
      <line num="8" count="55" type="stmt"/>
      <line num="11" count="8" type="stmt"/>
      <line num="12" count="3" type="stmt"/>
      <line num="17" count="2" type="stmt"/>
    </file>
    <file name="weather.js" path="/Users/arifebrahim/Projects/airport_jest/src/weather.js">
      <metrics statements="3" coveredstatements="3" conditionals="0" coveredconditionals="0" methods="2" coveredmethods="2"/>
      <line num="3" count="8" type="stmt"/>
      <line num="7" count="59" type="stmt"/>
      <line num="11" count="4" type="stmt"/>
    </file>
  </project>
</coverage>
