TN:
SF:src/airport.js
FN:4,(anonymous_0)
FN:10,(anonymous_1)
FN:12,(anonymous_2)
FN:21,(anonymous_3)
FNF:4
FNH:4
FNDA:15,(anonymous_0)
FNDA:7,(anonymous_1)
FNDA:111,(anonymous_2)
FNDA:4,(anonymous_3)
DA:1,3
DA:5,15
DA:6,15
DA:7,15
DA:10,15
DA:13,111
DA:14,2
DA:15,109
DA:16,4
DA:18,105
DA:22,4
DA:23,2
DA:25,2
DA:29,3
LF:14
LH:14
BRDA:4,0,0,7
BRDA:4,1,0,13
BRDA:13,2,0,2
BRDA:13,2,1,109
BRDA:15,3,0,4
BRDA:15,3,1,105
BRDA:22,4,0,2
BRDA:22,4,1,2
BRF:8
BRH:8
end_of_record
TN:
SF:src/plane.js
FN:2,(anonymous_0)
FN:6,(anonymous_1)
FN:11,(anonymous_2)
FNF:3
FNH:3
FNDA:8,(anonymous_0)
FNDA:58,(anonymous_1)
FNDA:3,(anonymous_2)
DA:3,8
DA:6,8
DA:7,58
DA:8,55
DA:11,8
DA:12,3
DA:17,2
LF:7
LH:7
BRF:0
BRH:0
end_of_record
TN:
SF:src/weather.js
FN:2,(anonymous_0)
FN:6,(anonymous_1)
FNF:2
FNH:2
FNDA:8,(anonymous_0)
FNDA:59,(anonymous_1)
DA:3,8
DA:7,59
DA:11,4
LF:3
LH:3
BRF:0
BRH:0
end_of_record
